# JRE version: OpenJDK Runtime Environment (8.0_242-b01) (build 1.8.0_242-release-1644-b01)
# Java VM: OpenJDK 64-Bit Server VM (25.242-b01 mixed mode windows-amd64 compressed oops)
Heap:
 PSYoungGen      total 472576K, used 205874K [0x00000000e0000000, 0x0000000100000000, 0x0000000100000000)
  eden space 438272K, 39% used [0x00000000e0000000,0x00000000ea792b40,0x00000000fac00000)
  from space 34304K, 99% used [0x00000000fdd80000,0x00000000ffef9e58,0x00000000fff00000)
  to   space 43008K, 0% used [0x00000000fac00000,0x00000000fac00000,0x00000000fd600000)
 ParOldGen       total 314880K, used 142495K [0x00000000a0000000, 0x00000000b3380000, 0x00000000e0000000)
  object space 314880K, 45% used [0x00000000a0000000,0x00000000a8b27e90,0x00000000b3380000)
 Metaspace       used 112565K, capacity 116818K, committed 117120K, reserved 1150976K
  class space    used 14278K, capacity 15145K, committed 15232K, reserved 1048576K
GC Heap History (10 events):
Event: 2908.087 GC heap before
{Heap before GC invocations=55 (full 4):
 PSYoungGen      total 482816K, used 452704K [0x00000000e0000000, 0x00000000ffd00000, 0x0000000100000000)
  eden space 447488K, 100% used [0x00000000e0000000,0x00000000fb500000,0x00000000fb500000)
  from space 35328K, 14% used [0x00000000fda80000,0x00000000fdf98000,0x00000000ffd00000)
  to   space 36864K, 0% used [0x00000000fb500000,0x00000000fb500000,0x00000000fd900000)
 ParOldGen       total 224256K, used 196019K [0x00000000a0000000, 0x00000000adb00000, 0x00000000e0000000)
  object space 224256K, 87% used [0x00000000a0000000,0x00000000abf6cf58,0x00000000adb00000)
 Metaspace       used 110966K, capacity 115294K, committed 115712K, reserved 1150976K
  class space    used 14161K, capacity 15016K, committed 15104K, reserved 1048576K
Event: 2908.123 GC heap after
Heap after GC invocations=55 (full 4):
 PSYoungGen      total 484352K, used 6784K [0x00000000e0000000, 0x00000000fff80000, 0x0000000100000000)
  eden space 447488K, 0% used [0x00000000e0000000,0x00000000e0000000,0x00000000fb500000)
  from space 36864K, 18% used [0x00000000fb500000,0x00000000fbba0010,0x00000000fd900000)
  to   space 35840K, 0% used [0x00000000fdc80000,0x00000000fdc80000,0x00000000fff80000)
 ParOldGen       total 224256K, used 199171K [0x00000000a0000000, 0x00000000adb00000, 0x00000000e0000000)
  object space 224256K, 88% used [0x00000000a0000000,0x00000000ac280e70,0x00000000adb00000)
 Metaspace       used 110966K, capacity 115294K, committed 115712K, reserved 1150976K
  class space    used 14161K, capacity 15016K, committed 15104K, reserved 1048576K
}
Event: 2909.102 GC heap before
{Heap before GC invocations=56 (full 4):
 PSYoungGen      total 484352K, used 454272K [0x00000000e0000000, 0x00000000fff80000, 0x0000000100000000)
  eden space 447488K, 100% used [0x00000000e0000000,0x00000000fb500000,0x00000000fb500000)
  from space 36864K, 18% used [0x00000000fb500000,0x00000000fbba0010,0x00000000fd900000)
  to   space 35840K, 0% used [0x00000000fdc80000,0x00000000fdc80000,0x00000000fff80000)
 ParOldGen       total 224256K, used 199171K [0x00000000a0000000, 0x00000000adb00000, 0x00000000e0000000)
  object space 224256K, 88% used [0x00000000a0000000,0x00000000ac280e70,0x00000000adb00000)
 Metaspace       used 110974K, capacity 115294K, committed 115712K, reserved 1150976K
  class space    used 14161K, capacity 15016K, committed 15104K, reserved 1048576K
Event: 2909.132 GC heap after
Heap after GC invocations=56 (full 4):
 PSYoungGen      total 485888K, used 5064K [0x00000000e0000000, 0x00000000ffe00000, 0x0000000100000000)
  eden space 451584K, 0% used [0x00000000e0000000,0x00000000e0000000,0x00000000fb900000)
  from space 34304K, 14% used [0x00000000fdc80000,0x00000000fe1721c8,0x00000000ffe00000)
  to   space 35328K, 0% used [0x00000000fb900000,0x00000000fb900000,0x00000000fdb80000)
 ParOldGen       total 224256K, used 204836K [0x00000000a0000000, 0x00000000adb00000, 0x00000000e0000000)
  object space 224256K, 91% used [0x00000000a0000000,0x00000000ac8091f8,0x00000000adb00000)
 Metaspace       used 110974K, capacity 115294K, committed 115712K, reserved 1150976K
  class space    used 14161K, capacity 15016K, committed 15104K, reserved 1048576K
}
Event: 2909.132 GC heap before
{Heap before GC invocations=57 (full 5):
 PSYoungGen      total 485888K, used 5064K [0x00000000e0000000, 0x00000000ffe00000, 0x0000000100000000)
  eden space 451584K, 0% used [0x00000000e0000000,0x00000000e0000000,0x00000000fb900000)
  from space 34304K, 14% used [0x00000000fdc80000,0x00000000fe1721c8,0x00000000ffe00000)
  to   space 35328K, 0% used [0x00000000fb900000,0x00000000fb900000,0x00000000fdb80000)
 ParOldGen       total 224256K, used 204836K [0x00000000a0000000, 0x00000000adb00000, 0x00000000e0000000)
  object space 224256K, 91% used [0x00000000a0000000,0x00000000ac8091f8,0x00000000adb00000)
 Metaspace       used 110974K, capacity 115294K, committed 115712K, reserved 1150976K
  class space    used 14161K, capacity 15016K, committed 15104K, reserved 1048576K
Event: 2909.782 GC heap after
Heap after GC invocations=57 (full 5):
 PSYoungGen      total 485888K, used 0K [0x00000000e0000000, 0x00000000ffe00000, 0x0000000100000000)
  eden space 451584K, 0% used [0x00000000e0000000,0x00000000e0000000,0x00000000fb900000)
  from space 34304K, 0% used [0x00000000fdc80000,0x00000000fdc80000,0x00000000ffe00000)
  to   space 35328K, 0% used [0x00000000fb900000,0x00000000fb900000,0x00000000fdb80000)
 ParOldGen       total 314880K, used 134862K [0x00000000a0000000, 0x00000000b3380000, 0x00000000e0000000)
  object space 314880K, 42% used [0x00000000a0000000,0x00000000a83b3a08,0x00000000b3380000)
 Metaspace       used 110717K, capacity 114648K, committed 115712K, reserved 1150976K
  class space    used 14068K, capacity 14853K, committed 15104K, reserved 1048576K
}
Event: 2913.873 GC heap before
{Heap before GC invocations=58 (full 5):
 PSYoungGen      total 485888K, used 451584K [0x00000000e0000000, 0x00000000ffe00000, 0x0000000100000000)
  eden space 451584K, 100% used [0x00000000e0000000,0x00000000fb900000,0x00000000fb900000)
  from space 34304K, 0% used [0x00000000fdc80000,0x00000000fdc80000,0x00000000ffe00000)
  to   space 35328K, 0% used [0x00000000fb900000,0x00000000fb900000,0x00000000fdb80000)
 ParOldGen       total 314880K, used 134862K [0x00000000a0000000, 0x00000000b3380000, 0x00000000e0000000)
  object space 314880K, 42% used [0x00000000a0000000,0x00000000a83b3a08,0x00000000b3380000)
 Metaspace       used 110720K, capacity 114648K, committed 115712K, reserved 1150976K
  class space    used 14069K, capacity 14853K, committed 15104K, reserved 1048576K
Event: 2913.896 GC heap after
Heap after GC invocations=58 (full 5):
 PSYoungGen      total 486912K, used 5206K [0x00000000e0000000, 0x00000000fff00000, 0x0000000100000000)
  eden space 451584K, 0% used [0x00000000e0000000,0x00000000e0000000,0x00000000fb900000)
  from space 35328K, 14% used [0x00000000fb900000,0x00000000fbe15828,0x00000000fdb80000)
  to   space 34304K, 0% used [0x00000000fdd80000,0x00000000fdd80000,0x00000000fff00000)
 ParOldGen       total 314880K, used 134862K [0x00000000a0000000, 0x00000000b3380000, 0x00000000e0000000)
  object space 314880K, 42% used [0x00000000a0000000,0x00000000a83b3a08,0x00000000b3380000)
 Metaspace       used 110720K, capacity 114648K, committed 115712K, reserved 1150976K
  class space    used 14069K, capacity 14853K, committed 15104K, reserved 1048576K
}
Event: 2976.919 GC heap before
{Heap before GC invocations=59 (full 5):
 PSYoungGen      total 486912K, used 455558K [0x00000000e0000000, 0x00000000fff00000, 0x0000000100000000)
  eden space 451584K, 99% used [0x00000000e0000000,0x00000000fb7cc230,0x00000000fb900000)
  from space 35328K, 14% used [0x00000000fb900000,0x00000000fbe15828,0x00000000fdb80000)
  to   space 34304K, 0% used [0x00000000fdd80000,0x00000000fdd80000,0x00000000fff00000)
 ParOldGen       total 314880K, used 134862K [0x00000000a0000000, 0x00000000b3380000, 0x00000000e0000000)
  object space 314880K, 42% used [0x00000000a0000000,0x00000000a83b3a08,0x00000000b3380000)
 Metaspace       used 111789K, capacity 116004K, committed 116352K, reserved 1150976K
  class space    used 14192K, capacity 15072K, committed 15232K, reserved 1048576K
Event: 2976.958 GC heap after
Heap after GC invocations=59 (full 5):
 PSYoungGen      total 472576K, used 34279K [0x00000000e0000000, 0x0000000100000000, 0x0000000100000000)
  eden space 438272K, 0% used [0x00000000e0000000,0x00000000e0000000,0x00000000fac00000)
  from space 34304K, 99% used [0x00000000fdd80000,0x00000000ffef9e58,0x00000000fff00000)
  to   space 43008K, 0% used [0x00000000fac00000,0x00000000fac00000,0x00000000fd600000)
 ParOldGen       total 314880K, used 142495K [0x00000000a0000000, 0x00000000b3380000, 0x00000000e0000000)
  object space 314880K, 45% used [0x00000000a0000000,0x00000000a8b27e90,0x00000000b3380000)
 Metaspace       used 111789K, capacity 116004K, committed 116352K, reserved 1150976K
  class space    used 14192K, capacity 15072K, committed 15232K, reserved 1048576K
}

